x:\! bootkit dev\windows\usermode\scout\scout\debug\vc120.pdb
x:\! bootkit dev\windows\usermode\scout\scout\debug\vc120.idb
x:\! bootkit dev\windows\usermode\scout\scout\debug\antidebug.obj
x:\! bootkit dev\windows\usermode\scout\scout\debug\configparsing.obj
x:\! bootkit dev\windows\usermode\scout\scout\debug\defaultmodules.obj
x:\! bootkit dev\windows\usermode\scout\scout\debug\moduleresolver.obj
x:\! bootkit dev\windows\usermode\scout\scout\debug\main.obj
x:\! bootkit dev\windows\usermode\scout\scout\debug\peloader.obj
x:\! bootkit dev\windows\usermode\scout\scout\debug\utilities.obj
x:\! bootkit dev\windows\usermode\scout\scout\debug\customcrypto.obj
x:\! bootkit dev\windows\usermode\scout\debug\scout.ilk
x:\! bootkit dev\windows\usermode\scout\debug\scout.exe
x:\! bootkit dev\windows\usermode\scout\debug\scout.pdb
x:\! bootkit dev\windows\usermode\scout\scout\debug\scout.res
x:\! bootkit dev\windows\usermode\scout\scout\debug\changesegment.obj
x:\! bootkit dev\windows\usermode\scout\scout\debug\scout.tlog\cl.command.1.tlog
x:\! bootkit dev\windows\usermode\scout\scout\debug\scout.tlog\cl.read.1.tlog
x:\! bootkit dev\windows\usermode\scout\scout\debug\scout.tlog\cl.write.1.tlog
x:\! bootkit dev\windows\usermode\scout\scout\debug\scout.tlog\link.command.1.tlog
x:\! bootkit dev\windows\usermode\scout\scout\debug\scout.tlog\link.read.1.tlog
x:\! bootkit dev\windows\usermode\scout\scout\debug\scout.tlog\link.write.1.tlog
x:\! bootkit dev\windows\usermode\scout\scout\debug\scout.tlog\rc.command.1.tlog
x:\! bootkit dev\windows\usermode\scout\scout\debug\scout.tlog\rc.read.1.tlog
x:\! bootkit dev\windows\usermode\scout\scout\debug\scout.tlog\rc.write.1.tlog
x:\! bootkit dev\windows\usermode\scout\scout\debug\scout.tlog\scout.write.1u.tlog
